<?xml version="1.0" encoding="utf-8"?>
<TestRun id="40f04bd3-c53d-4b50-9c06-5003190bf057" name="@Arushis-MacBook-Pro 2024-08-26 01:54:15" xmlns="http://microsoft.com/schemas/VisualStudio/TeamTest/2010">
  <Times creation="2024-08-26T01:54:15.0751720+01:00" queuing="2024-08-26T01:54:15.0751720+01:00" start="2024-08-26T01:54:12.6581160+01:00" finish="2024-08-26T01:54:15.0880360+01:00" />
  <TestSettings name="default" id="b6a38e93-bc00-48ce-b47a-04d4fe493f8d">
    <Deployment runDeploymentRoot="_Arushis-MacBook-Pro_2024-08-26_01_54_15" />
  </TestSettings>
  <Results>
    <UnitTestResult executionId="91270c0a-f448-4da5-baee-3778a11db735" testId="8f003bfd-dccc-83bc-2740-33119fb6f92f" testName="Prime.UnitTests.Services.PrimeService_IsPrimeShould.IsPrime_InputIs1_ReturnFalse" computerName="Arushis-MacBook-Pro" duration="00:00:00.0042571" startTime="2024-08-26T01:54:14.8454300+01:00" endTime="2024-08-26T01:54:14.8454920+01:00" testType="13cdc9d9-ddb5-4fa4-a97d-d965ccfc6d4b" outcome="Passed" testListId="8c84fa94-04c1-424b-9868-57a2d4851a1d" relativeResultsDirectory="91270c0a-f448-4da5-baee-3778a11db735" />
  </Results>
  <TestDefinitions>
    <UnitTest name="Prime.UnitTests.Services.PrimeService_IsPrimeShould.IsPrime_InputIs1_ReturnFalse" storage="/users/arunkumar/myagent/myagent_work/1/s/primeservice.tests/bin/release/net8.0/primeservice.tests.dll" id="8f003bfd-dccc-83bc-2740-33119fb6f92f">
      <Execution id="91270c0a-f448-4da5-baee-3778a11db735" />
      <TestMethod codeBase="/Users/arunkumar/myagent/myagent_work/1/s/PrimeService.Tests/bin/Release/net8.0/PrimeService.Tests.dll" adapterTypeName="executor://xunit/VsTestRunner2/netcoreapp" className="Prime.UnitTests.Services.PrimeService_IsPrimeShould" name="IsPrime_InputIs1_ReturnFalse" />
    </UnitTest>
  </TestDefinitions>
  <TestEntries>
    <TestEntry testId="8f003bfd-dccc-83bc-2740-33119fb6f92f" executionId="91270c0a-f448-4da5-baee-3778a11db735" testListId="8c84fa94-04c1-424b-9868-57a2d4851a1d" />
  </TestEntries>
  <TestLists>
    <TestList name="Results Not in a List" id="8c84fa94-04c1-424b-9868-57a2d4851a1d" />
    <TestList name="All Loaded Results" id="19431567-8539-422a-85d7-44ee4e166bda" />
  </TestLists>
  <ResultSummary outcome="Completed">
    <Counters total="1" executed="1" passed="1" failed="0" error="0" timeout="0" aborted="0" inconclusive="0" passedButRunAborted="0" notRunnable="0" notExecuted="0" disconnected="0" warning="0" completed="0" inProgress="0" pending="0" />
    <Output>
      <StdOut>[xUnit.net 00:00:00.00] xUnit.net VSTest Adapter v2.4.5+1caef2f33e (64-bit .NET 8.0.8)
[xUnit.net 00:00:00.69]   Discovering: PrimeService.Tests
[xUnit.net 00:00:00.74]   Discovered:  PrimeService.Tests
[xUnit.net 00:00:00.75]   Starting:    PrimeService.Tests
[xUnit.net 00:00:00.85]   Finished:    PrimeService.Tests
</StdOut>
    </Output>
  </ResultSummary>
</TestRun>